<?xml version='1.0' encoding='UTF-8'?>
<testsuite hostname="couto-laptop" name="chapter3.ListTest" tests="47" errors="0" failures="0" skipped="0" time="0.092">
                     <properties>
[...]
</properties>
                     <testcase classname="chapter3.ListTest" name="x should be 3" time="0.031">
                                                 
                                               </testcase><testcase classname="chapter3.ListTest" name="tail should be empty for empty lists" time="0.0">
                                                 
                                               </testcase><testcase classname="chapter3.ListTest" name="tail should be empty for one-element lists" time="0.0">
                                                 
                                               </testcase><testcase classname="chapter3.ListTest" name="tail should be the tail itself for bigger lists" time="0.002">
                                                 
                                               </testcase><testcase classname="chapter3.ListTest" name="setHead should be an one-element list for empty lists" time="0.001">
                                                 
                                               </testcase><testcase classname="chapter3.ListTest" name="setHead should be the setHead itself for bigger lists" time="0.001">
                                                 
                                               </testcase><testcase classname="chapter3.ListTest" name="drop should be empty for empty lists" time="0.0">
                                                 
                                               </testcase><testcase classname="chapter3.ListTest" name="drop should be empty for one-element lists" time="0.001">
                                                 
                                               </testcase><testcase classname="chapter3.ListTest" name="drop should be the same list for 0 drops regardless the list itself" time="0.0">
                                                 
                                               </testcase><testcase classname="chapter3.ListTest" name="drop should be the list without the x elements at the beginning for bigger lists" time="0.0">
                                                 
                                               </testcase><testcase classname="chapter3.ListTest" name="dropWhileold should be empty for empty lists" time="0.002">
                                                 
                                               </testcase><testcase classname="chapter3.ListTest" name="dropWhileold should work as expected" time="0.003">
                                                 
                                               </testcase><testcase classname="chapter3.ListTest" name="dropWhile should be empty for empty lists" time="0.002">
                                                 
                                               </testcase><testcase classname="chapter3.ListTest" name="dropWhile should work as expected" time="0.003">
                                                 
                                               </testcase><testcase classname="chapter3.ListTest" name="init should be empty for empty lists" time="0.001">
                                                 
                                               </testcase><testcase classname="chapter3.ListTest" name="init should be empty for one-element lists" time="0.0">
                                                 
                                               </testcase><testcase classname="chapter3.ListTest" name="init should work properly for bigger lists" time="0.0">
                                                 
                                               </testcase><testcase classname="chapter3.ListTest" name="8" time="0.001">
                                                 
                                               </testcase><testcase classname="chapter3.ListTest" name="length should be 0 for empty lists" time="0.001">
                                                 
                                               </testcase><testcase classname="chapter3.ListTest" name="length should work properly for bigger lists" time="0.001">
                                                 
                                               </testcase><testcase classname="chapter3.ListTest" name="foldLeft should work properly" time="0.003">
                                                 
                                               </testcase><testcase classname="chapter3.ListTest" name="lengthLeft should be 0 for empty lists" time="0.001">
                                                 
                                               </testcase><testcase classname="chapter3.ListTest" name="lengthLeft should work properly for bigger lists" time="0.001">
                                                 
                                               </testcase><testcase classname="chapter3.ListTest" name="sumLeft should work properly" time="0.001">
                                                 
                                               </testcase><testcase classname="chapter3.ListTest" name="productLeft should work properly" time="0.002">
                                                 
                                               </testcase><testcase classname="chapter3.ListTest" name="reverse should return empty for empty lists" time="0.001">
                                                 
                                               </testcase><testcase classname="chapter3.ListTest" name="reverse should work properly" time="0.001">
                                                 
                                               </testcase><testcase classname="chapter3.ListTest" name="foldLeftWithFoldRight should work properly" time="0.002">
                                                 
                                               </testcase><testcase classname="chapter3.ListTest" name="foldRightWithFoldLeft should work properly" time="0.003">
                                                 
                                               </testcase><testcase classname="chapter3.ListTest" name="appendfold should be empty for empty lists" time="0.002">
                                                 
                                               </testcase><testcase classname="chapter3.ListTest" name="appendfold should be empty the non-empty list if one of them is empty" time="0.001">
                                                 
                                               </testcase><testcase classname="chapter3.ListTest" name="appendfold should be the appended list if both list are non-empty" time="0.0">
                                                 
                                               </testcase><testcase classname="chapter3.ListTest" name="appendlists should be empty for empty lists" time="0.001">
                                                 
                                               </testcase><testcase classname="chapter3.ListTest" name="appendlists should be a list containing all the elements otherwise" time="0.001">
                                                 
                                               </testcase><testcase classname="chapter3.ListTest" name="addOne should be empty for empty lists" time="0.001">
                                                 
                                               </testcase><testcase classname="chapter3.ListTest" name="addOne should be a list containing all the elements otherwise" time="0.001">
                                                 
                                               </testcase><testcase classname="chapter3.ListTest" name="doubleToString should be empty for empty lists" time="0.001">
                                                 
                                               </testcase><testcase classname="chapter3.ListTest" name="doubleToString should be a list containing all the elements otherwise" time="0.001">
                                                 
                                               </testcase><testcase classname="chapter3.ListTest" name="map should be empty for empty lists" time="0.001">
                                                 
                                               </testcase><testcase classname="chapter3.ListTest" name="map should be the same as addOne" time="0.001">
                                                 
                                               </testcase><testcase classname="chapter3.ListTest" name="map should be the same as doubleToString" time="0.001">
                                                 
                                               </testcase><testcase classname="chapter3.ListTest" name="filter should do this" time="0.002">
                                                 
                                               </testcase><testcase classname="chapter3.ListTest" name="flatMap should do this" time="0.001">
                                                 
                                               </testcase><testcase classname="chapter3.ListTest" name="filterWithFlatMap should do this" time="0.002">
                                                 
                                               </testcase><testcase classname="chapter3.ListTest" name="addLists should do this" time="0.001">
                                                 
                                               </testcase><testcase classname="chapter3.ListTest" name="zipWith should do this" time="0.001">
                                                 
                                               </testcase><testcase classname="chapter3.ListTest" name="hasSubsequence should do this" time="0.008">
                                                 
                                               </testcase>
                     <system-out></system-out>
                     <system-err></system-err>
                   </testsuite>